{
  "RSpec": {
    "coverage": {
      "/rails/app/helpers/api/v1/transactions_helper.rb": {
        "lines": [
          1,
          null
        ]
      },
      "/rails/app/helpers/application_helper.rb": {
        "lines": [
          1,
          null
        ]
      },
      "/rails/app/models/transaction.rb": {
        "lines": [
          1,
          1,
          1,
          null,
          1,
          1,
          null
        ]
      },
      "/rails/app/models/application_record.rb": {
        "lines": [
          1,
          1,
          null
        ]
      },
      "/rails/app/services/create_transaction_service.rb": {
        "lines": [
          1,
          1,
          4,
          null,
          null,
          1,
          4,
          null,
          4,
          4,
          null,
          0,
          null,
          null,
          null
        ]
      },
      "/rails/app/models/user.rb": {
        "lines": [
          1,
          1,
          1,
          1,
          1,
          1,
          1,
          null
        ]
      },
      "/rails/app/models/category.rb": {
        "lines": [
          1,
          1,
          1,
          null,
          1,
          null
        ]
      },
      "/rails/app/controllers/api/v1/transactions_controller.rb": {
        "lines": [
          1,
          1,
          3,
          3,
          null,
          3,
          3,
          null,
          0,
          null,
          null,
          null,
          1,
          null,
          1,
          3,
          null,
          null
        ]
      },
      "/rails/app/controllers/application_controller.rb": {
        "lines": [
          0,
          0,
          0,
          0,
          0,
          0,
          0,
          0
        ],
        "branches": {}
      },
      "/rails/app/jobs/application_job.rb": {
        "lines": [
          0,
          null,
          null,
          null,
          null,
          null,
          0
        ],
        "branches": {}
      },
      "/rails/app/mailers/application_mailer.rb": {
        "lines": [
          0,
          0,
          0,
          0
        ],
        "branches": {}
      },
      "/rails/app/models/ai_recommendation.rb": {
        "lines": [
          0,
          0,
          0
        ],
        "branches": {}
      },
      "/rails/app/models/calculated_monthly_transaction.rb": {
        "lines": [
          0,
          0,
          0
        ],
        "branches": {}
      },
      "/rails/app/models/calculated_weekly_transaction.rb": {
        "lines": [
          0,
          0,
          0
        ],
        "branches": {}
      },
      "/rails/app/models/goal.rb": {
        "lines": [
          0,
          0,
          0
        ],
        "branches": {}
      }
    },
    "timestamp": 1734268637
  }
}
